<?xml version="1.0" encoding="UTF-8"?>
<!-- Generated by org.testng.reporters.JUnitReportReporter -->
<testsuite hostname="PRASENJITSWIN10" failures="0" tests="6" name="sanityTestCases.SanityTest" time="30.694" errors="0" timestamp="2025-02-19T00:39:48 IST" skipped="0">
  <testcase classname="sanityTestCases.SanityTest" name="verify_login_is_unsuccessful_with_entering_only_username" time="6.128"/>
  <system-out/>
  <testcase classname="sanityTestCases.SanityTest" name="verify_login_is_unsuccessful_with_entering_only_password" time="3.298"/>
  <system-out/>
  <testcase classname="sanityTestCases.SanityTest" name="verify_login_is_unsuccessful_with_correctUsername_and_incorrectPassword" time="6.537"/>
  <system-out/>
  <testcase classname="sanityTestCases.SanityTest" name="verify_login_is_unsuccessful_with_incorrectUsername_and_correctPassword" time="5.715"/>
  <system-out/>
  <testcase classname="sanityTestCases.SanityTest" name="verify_login_is_unsuccessful_with_incorrect_credentials" time="5.869"/>
  <system-out/>
  <testcase classname="sanityTestCases.SanityTest" name="verify_login_is_unsuccessful_with_no_credentials" time="3.147"/>
  <system-out/>
</testsuite> <!-- sanityTestCases.SanityTest -->
