<?xml version="1.0" encoding="UTF-8"?>
<!-- Generated by org.testng.reporters.JUnitReportReporter -->
<testsuite hostname="PRASENJITSWIN10" failures="0" tests="6" name="sanityTestCases.SanityTest" time="31.310" errors="0" timestamp="2025-02-19T00:16:07 IST" skipped="0">
  <testcase classname="sanityTestCases.SanityTest" name="verify_login_is_unsuccessful_with_entering_only_username" time="6.665"/>
  <system-out/>
  <testcase classname="sanityTestCases.SanityTest" name="verify_login_is_unsuccessful_with_entering_only_password" time="3.320"/>
  <system-out/>
  <testcase classname="sanityTestCases.SanityTest" name="verify_login_is_unsuccessful_with_correctUsername_and_incorrectPassword" time="6.360"/>
  <system-out/>
  <testcase classname="sanityTestCases.SanityTest" name="verify_login_is_unsuccessful_with_incorrectUsername_and_correctPassword" time="5.836"/>
  <system-out/>
  <testcase classname="sanityTestCases.SanityTest" name="verify_login_is_unsuccessful_with_incorrect_credentials" time="5.983"/>
  <system-out/>
  <testcase classname="sanityTestCases.SanityTest" name="verify_login_is_unsuccessful_with_no_credentials" time="3.146"/>
  <system-out/>
</testsuite> <!-- sanityTestCases.SanityTest -->
