<?xml version="1.0" encoding="UTF-8"?>
<!-- Generated by org.testng.reporters.JUnitReportReporter -->
<testsuite hostname="PRASENJITSWIN10" failures="0" tests="7" name="regressionTestCases.RegressionTest" time="44.537" errors="0" timestamp="2025-02-18T22:40:06 IST" skipped="0">
  <testcase classname="regressionTestCases.RegressionTest" name="verify_login_is_unsuccessful_with_entering_only_password" time="3.096"/>
  <system-out/>
  <testcase classname="regressionTestCases.RegressionTest" name="verify_login_is_unsuccessful_with_correctUsername_and_incorrectPassword" time="9.382"/>
  <system-out/>
  <testcase classname="regressionTestCases.RegressionTest" name="verify_login_is_unsuccessful_with_entering_only_username" time="3.156"/>
  <system-out/>
  <testcase classname="regressionTestCases.RegressionTest" name="verify_login_is_unsuccessful_with_no_credentials" time="3.164"/>
  <system-out/>
  <testcase classname="regressionTestCases.RegressionTest" name="verify_login_is_unsuccessful_with_incorrect_credentials" time="5.777"/>
  <system-out/>
  <testcase classname="regressionTestCases.RegressionTest" name="verify_login_is_unsuccessful_with_incorrectUsername_and_correctPassword" time="5.933"/>
  <system-out/>
  <testcase classname="regressionTestCases.RegressionTest" name="verify_login_is_successful_with_correct_credentials" time="14.029"/>
  <system-out/>
</testsuite> <!-- regressionTestCases.RegressionTest -->
