<?xml version="1.0" encoding="UTF-8"?>
<!-- Generated by org.testng.reporters.JUnitReportReporter -->
<testsuite hostname="PRASENJITSWIN10" failures="0" tests="1" name="regressionTestCases.RegressionTest" time="3.314" errors="0" timestamp="2025-02-15T22:30:32 IST" skipped="0">
  <testcase classname="regressionTestCases.RegressionTest" name="test" time="3.314"/>
  <system-out/>
</testsuite> <!-- regressionTestCases.RegressionTest -->
