<?xml version="1.0" encoding="UTF-8"?>
<!-- Generated by org.testng.reporters.JUnitReportReporter -->
<testsuite hostname="PRASENJITSWIN10" failures="0" tests="1" name="smokeTestCases.SmokeTest" time="2.900" errors="0" timestamp="2025-02-15T22:33:46 IST" skipped="0">
  <testcase classname="smokeTestCases.SmokeTest" name="test" time="2.900"/>
  <system-out/>
</testsuite> <!-- smokeTestCases.SmokeTest -->
