<?xml version="1.0" encoding="UTF-8"?>
<!-- Generated by org.testng.reporters.JUnitReportReporter -->
<testsuite hostname="PRASENJITSWIN10" failures="0" tests="7" name="regressionTestCases.RegressionTest" time="44.455" errors="0" timestamp="2025-02-19T00:17:16 IST" skipped="0">
  <testcase classname="regressionTestCases.RegressionTest" name="verify_login_is_unsuccessful_with_correctUsername_and_incorrectPassword" time="6.118"/>
  <system-out/>
  <testcase classname="regressionTestCases.RegressionTest" name="verify_login_is_unsuccessful_with_incorrect_credentials" time="5.800"/>
  <system-out/>
  <testcase classname="regressionTestCases.RegressionTest" name="verify_login_is_unsuccessful_with_entering_only_password" time="3.229"/>
  <system-out/>
  <testcase classname="regressionTestCases.RegressionTest" name="verify_login_is_unsuccessful_with_incorrectUsername_and_correctPassword" time="9.385"/>
  <system-out/>
  <testcase classname="regressionTestCases.RegressionTest" name="verify_login_is_unsuccessful_with_no_credentials" time="3.081"/>
  <system-out/>
  <testcase classname="regressionTestCases.RegressionTest" name="verify_login_is_unsuccessful_with_entering_only_username" time="3.061"/>
  <system-out/>
  <testcase classname="regressionTestCases.RegressionTest" name="verify_login_is_successful_with_correct_credentials" time="13.781"/>
  <system-out/>
</testsuite> <!-- regressionTestCases.RegressionTest -->
