<?xml version="1.0" encoding="UTF-8"?>
<!-- Generated by org.testng.reporters.JUnitReportReporter -->
<testsuite hostname="PRASENJITSWIN10" failures="0" tests="7" name="regressionTestCases.RegressionTest" time="79.424" errors="0" timestamp="2025-02-20T20:58:15 IST" skipped="0">
  <testcase classname="regressionTestCases.RegressionTest" name="verify_login_is_unsuccessful_with_entering_only_password" time="7.613"/>
  <system-out/>
  <testcase classname="regressionTestCases.RegressionTest" name="verify_login_is_unsuccessful_with_correctUsername_and_incorrectPassword" time="12.041"/>
  <system-out/>
  <testcase classname="regressionTestCases.RegressionTest" name="verify_login_is_unsuccessful_with_entering_only_username" time="8.895"/>
  <system-out/>
  <testcase classname="regressionTestCases.RegressionTest" name="verify_login_is_unsuccessful_with_no_credentials" time="16.897"/>
  <system-out/>
  <testcase classname="regressionTestCases.RegressionTest" name="verify_login_is_unsuccessful_with_incorrect_credentials" time="8.991"/>
  <system-out/>
  <testcase classname="regressionTestCases.RegressionTest" name="verify_login_is_unsuccessful_with_incorrectUsername_and_correctPassword" time="8.534"/>
  <system-out/>
  <testcase classname="regressionTestCases.RegressionTest" name="verify_login_is_successful_with_correct_credentials" time="16.453"/>
  <system-out/>
</testsuite> <!-- regressionTestCases.RegressionTest -->
