<?xml version="1.0" encoding="UTF-8"?>
<!-- Generated by org.testng.reporters.JUnitReportReporter -->
<testsuite hostname="PRASENJITSWIN10" failures="0" tests="1" name="sanityTestCases.SanityTest" time="2.675" errors="0" timestamp="2025-02-15T22:32:37 IST" skipped="0">
  <testcase classname="sanityTestCases.SanityTest" name="test" time="2.675"/>
  <system-out/>
</testsuite> <!-- sanityTestCases.SanityTest -->
