<?xml version="1.0" encoding="UTF-8"?>
<!-- Generated by org.testng.reporters.JUnitReportReporter -->
<testsuite hostname="PRASENJITSWIN10" failures="0" tests="6" name="sanityTestCases.SanityTest" time="31.277" errors="0" timestamp="2025-02-16T02:44:18 IST" skipped="0">
  <testcase classname="sanityTestCases.SanityTest" name="verify_login_is_unsuccessful_with_entering_only_username" time="3.398"/>
  <system-out/>
  <testcase classname="sanityTestCases.SanityTest" name="verify_login_is_unsuccessful_with_incorrectUsername_and_correctPassword" time="9.026"/>
  <system-out/>
  <testcase classname="sanityTestCases.SanityTest" name="verify_login_is_unsuccessful_with_no_credentials" time="3.130"/>
  <system-out/>
  <testcase classname="sanityTestCases.SanityTest" name="verify_login_is_unsuccessful_with_incorrect_credentials" time="6.146"/>
  <system-out/>
  <testcase classname="sanityTestCases.SanityTest" name="verify_login_is_unsuccessful_with_correctUsername_and_incorrectPassword" time="6.391"/>
  <system-out/>
  <testcase classname="sanityTestCases.SanityTest" name="verify_login_is_unsuccessful_with_entering_only_password" time="3.186"/>
  <system-out/>
</testsuite> <!-- sanityTestCases.SanityTest -->
