<?xml version="1.0" encoding="UTF-8"?>
<!-- Generated by org.testng.reporters.JUnitReportReporter -->
<testsuite hostname="PRASENJITSWIN10" failures="0" tests="1" name="regressionTestCases.RegressionTest" time="18.704" errors="0" timestamp="2025-02-15T23:35:32 IST" skipped="0">
  <testcase classname="regressionTestCases.RegressionTest" name="verify_login_is_successful_with_correct_credentials" time="18.704"/>
  <system-out/>
</testsuite> <!-- regressionTestCases.RegressionTest -->
