<?xml version="1.0" encoding="UTF-8"?>
<!-- Generated by org.testng.reporters.JUnitReportReporter -->
<testsuite hostname="PRASENJITSWIN10" failures="0" tests="1" name="smokeTestCases.SmokeTest" time="14.817" errors="0" timestamp="2025-02-16T02:45:13 IST" skipped="0">
  <testcase classname="smokeTestCases.SmokeTest" name="verify_login_is_successful_with_correct_credentials" time="14.817"/>
  <system-out/>
</testsuite> <!-- smokeTestCases.SmokeTest -->
